# JRE version: Java(TM) SE Runtime Environment (8.0_51-b16) (build 1.8.0_51-b16)
# Java VM: Java HotSpot(TM) 64-Bit Server VM (25.51-b03 mixed mode bsd-amd64 compressed oops)
Heap:
 PSYoungGen      total 278016K, used 214573K [0x00000007aab00000, 0x00000007c0000000, 0x00000007c0000000)
  eden space 206336K, 100% used [0x00000007aab00000,0x00000007b7480000,0x00000007b7480000)
  from space 71680K, 11% used [0x00000007bba00000,0x00000007bc20b7d0,0x00000007c0000000)
  to   space 71168K, 42% used [0x00000007b7480000,0x00000007b92451e0,0x00000007bba00000)
 ParOldGen       total 699392K, used 154821K [0x0000000780000000, 0x00000007aab00000, 0x00000007aab00000)
  object space 699392K, 22% used [0x0000000780000000,0x0000000789731680,0x00000007aab00000)
 Metaspace       used 138410K, capacity 139653K, committed 140160K, reserved 1165312K
  class space    used 23014K, capacity 23328K, committed 23424K, reserved 1048576K
GC Heap History (10 events):
Event: 81.456 GC heap after
Heap after GC invocations=16 (full 2):
 PSYoungGen      total 283648K, used 33218K [0x00000007aab00000, 0x00000007c0000000, 0x00000007c0000000)
  eden space 215040K, 0% used [0x00000007aab00000,0x00000007aab00000,0x00000007b7d00000)
  from space 68608K, 48% used [0x00000007bbd00000,0x00000007bdd70be0,0x00000007c0000000)
  to   space 65536K, 0% used [0x00000007b7d00000,0x00000007b7d00000,0x00000007bbd00000)
 ParOldGen       total 699392K, used 121683K [0x0000000780000000, 0x00000007aab00000, 0x00000007aab00000)
  object space 699392K, 17% used [0x0000000780000000,0x00000007876d4f10,0x00000007aab00000)
 Metaspace       used 117703K, capacity 118533K, committed 118784K, reserved 1148928K
  class space    used 19892K, capacity 20102K, committed 20224K, reserved 1048576K
}
Event: 90.141 GC heap before
{Heap before GC invocations=17 (full 2):
 PSYoungGen      total 283648K, used 248258K [0x00000007aab00000, 0x00000007c0000000, 0x00000007c0000000)
  eden space 215040K, 100% used [0x00000007aab00000,0x00000007b7d00000,0x00000007b7d00000)
  from space 68608K, 48% used [0x00000007bbd00000,0x00000007bdd70be0,0x00000007c0000000)
  to   space 65536K, 0% used [0x00000007b7d00000,0x00000007b7d00000,0x00000007bbd00000)
 ParOldGen       total 699392K, used 121683K [0x0000000780000000, 0x00000007aab00000, 0x00000007aab00000)
  object space 699392K, 17% used [0x0000000780000000,0x00000007876d4f10,0x00000007aab00000)
 Metaspace       used 128787K, capacity 129683K, committed 130048K, reserved 1157120K
  class space    used 21415K, capacity 21664K, committed 21760K, reserved 1048576K
Event: 90.202 GC heap after
Heap after GC invocations=17 (full 2):
 PSYoungGen      total 280576K, used 15922K [0x00000007aab00000, 0x00000007c0000000, 0x00000007c0000000)
  eden space 215040K, 0% used [0x00000007aab00000,0x00000007aab00000,0x00000007b7d00000)
  from space 65536K, 24% used [0x00000007b7d00000,0x00000007b8c8c8e8,0x00000007bbd00000)
  to   space 65024K, 0% used [0x00000007bc080000,0x00000007bc080000,0x00000007c0000000)
 ParOldGen       total 699392K, used 148645K [0x0000000780000000, 0x00000007aab00000, 0x00000007aab00000)
  object space 699392K, 21% used [0x0000000780000000,0x0000000789129438,0x00000007aab00000)
 Metaspace       used 128787K, capacity 129683K, committed 130048K, reserved 1157120K
  class space    used 21415K, capacity 21664K, committed 21760K, reserved 1048576K
}
Event: 11356.010 GC heap before
{Heap before GC invocations=18 (full 2):
 PSYoungGen      total 280576K, used 230962K [0x00000007aab00000, 0x00000007c0000000, 0x00000007c0000000)
  eden space 215040K, 100% used [0x00000007aab00000,0x00000007b7d00000,0x00000007b7d00000)
  from space 65536K, 24% used [0x00000007b7d00000,0x00000007b8c8c8e8,0x00000007bbd00000)
  to   space 65024K, 0% used [0x00000007bc080000,0x00000007bc080000,0x00000007c0000000)
 ParOldGen       total 699392K, used 148645K [0x0000000780000000, 0x00000007aab00000, 0x00000007aab00000)
  object space 699392K, 21% used [0x0000000780000000,0x0000000789129438,0x00000007aab00000)
 Metaspace       used 134889K, capacity 135903K, committed 136320K, reserved 1163264K
  class space    used 22347K, capacity 22604K, committed 22656K, reserved 1048576K
Event: 11356.034 GC heap after
Heap after GC invocations=18 (full 2):
 PSYoungGen      total 284160K, used 6799K [0x00000007aab00000, 0x00000007c0000000, 0x00000007c0000000)
  eden space 219136K, 0% used [0x00000007aab00000,0x00000007aab00000,0x00000007b8100000)
  from space 65024K, 10% used [0x00000007bc080000,0x00000007bc723fc8,0x00000007c0000000)
  to   space 65024K, 0% used [0x00000007b8100000,0x00000007b8100000,0x00000007bc080000)
 ParOldGen       total 699392K, used 152768K [0x0000000780000000, 0x00000007aab00000, 0x00000007aab00000)
  object space 699392K, 21% used [0x0000000780000000,0x0000000789530150,0x00000007aab00000)
 Metaspace       used 134889K, capacity 135903K, committed 136320K, reserved 1163264K
  class space    used 22347K, capacity 22604K, committed 22656K, reserved 1048576K
}
Event: 13612.559 GC heap before
{Heap before GC invocations=19 (full 2):
 PSYoungGen      total 284160K, used 225935K [0x00000007aab00000, 0x00000007c0000000, 0x00000007c0000000)
  eden space 219136K, 100% used [0x00000007aab00000,0x00000007b8100000,0x00000007b8100000)
  from space 65024K, 10% used [0x00000007bc080000,0x00000007bc723fc8,0x00000007c0000000)
  to   space 65024K, 0% used [0x00000007b8100000,0x00000007b8100000,0x00000007bc080000)
 ParOldGen       total 699392K, used 152768K [0x0000000780000000, 0x00000007aab00000, 0x00000007aab00000)
  object space 699392K, 21% used [0x0000000780000000,0x0000000789530150,0x00000007aab00000)
 Metaspace       used 135636K, capacity 136695K, committed 137088K, reserved 1163264K
  class space    used 22522K, capacity 22800K, committed 22912K, reserved 1048576K
Event: 13612.609 GC heap after
Heap after GC invocations=19 (full 2):
 PSYoungGen      total 273920K, used 54424K [0x00000007aab00000, 0x00000007c0000000, 0x00000007c0000000)
  eden space 219136K, 0% used [0x00000007aab00000,0x00000007aab00000,0x00000007b8100000)
  from space 54784K, 99% used [0x00000007b8100000,0x00000007bb626138,0x00000007bb680000)
  to   space 71680K, 0% used [0x00000007bba00000,0x00000007bba00000,0x00000007c0000000)
 ParOldGen       total 699392K, used 154538K [0x0000000780000000, 0x00000007aab00000, 0x00000007aab00000)
  object space 699392K, 22% used [0x0000000780000000,0x00000007896eab40,0x00000007aab00000)
 Metaspace       used 135636K, capacity 136695K, committed 137088K, reserved 1163264K
  class space    used 22522K, capacity 22800K, committed 22912K, reserved 1048576K
}
Event: 15193.811 GC heap before
{Heap before GC invocations=20 (full 2):
 PSYoungGen      total 273920K, used 273560K [0x00000007aab00000, 0x00000007c0000000, 0x00000007c0000000)
  eden space 219136K, 100% used [0x00000007aab00000,0x00000007b8100000,0x00000007b8100000)
  from space 54784K, 99% used [0x00000007b8100000,0x00000007bb626138,0x00000007bb680000)
  to   space 71680K, 0% used [0x00000007bba00000,0x00000007bba00000,0x00000007c0000000)
 ParOldGen       total 699392K, used 154538K [0x0000000780000000, 0x00000007aab00000, 0x00000007aab00000)
  object space 699392K, 22% used [0x0000000780000000,0x00000007896eab40,0x00000007aab00000)
 Metaspace       used 137641K, capacity 138855K, committed 139136K, reserved 1165312K
  class space    used 22837K, capacity 23131K, committed 23168K, reserved 1048576K
Event: 15193.827 GC heap after
Heap after GC invocations=20 (full 2):
 PSYoungGen      total 278016K, used 8237K [0x00000007aab00000, 0x00000007c0000000, 0x00000007c0000000)
  eden space 206336K, 0% used [0x00000007aab00000,0x00000007aab00000,0x00000007b7480000)
  from space 71680K, 11% used [0x00000007bba00000,0x00000007bc20b7d0,0x00000007c0000000)
  to   space 71168K, 0% used [0x00000007b7480000,0x00000007b7480000,0x00000007bba00000)
 ParOldGen       total 699392K, used 154813K [0x0000000780000000, 0x00000007aab00000, 0x00000007aab00000)
  object space 699392K, 22% used [0x0000000780000000,0x000000078972f680,0x00000007aab00000)
 Metaspace       used 137641K, capacity 138855K, committed 139136K, reserved 1165312K
  class space    used 22837K, capacity 23131K, committed 23168K, reserved 1048576K
}
Event: 16992.111 GC heap before
{Heap before GC invocations=21 (full 2):
 PSYoungGen      total 278016K, used 214573K [0x00000007aab00000, 0x00000007c0000000, 0x00000007c0000000)
  eden space 206336K, 100% used [0x00000007aab00000,0x00000007b7480000,0x00000007b7480000)
  from space 71680K, 11% used [0x00000007bba00000,0x00000007bc20b7d0,0x00000007c0000000)
  to   space 71168K, 0% used [0x00000007b7480000,0x00000007b7480000,0x00000007bba00000)
 ParOldGen       total 699392K, used 154813K [0x0000000780000000, 0x00000007aab00000, 0x00000007aab00000)
  object space 699392K, 22% used [0x0000000780000000,0x000000078972f680,0x00000007aab00000)
 Metaspace       used 138410K, capacity 139653K, committed 140160K, reserved 1165312K
  class space    used 23014K, capacity 23328K, committed 23424K, reserved 1048576K

